0 info it worked if it ends with ok
1 verbose cli [ '/usr/local/Cellar/node/0.10.4/bin/node',
1 verbose cli   '/usr/local/bin/npm',
1 verbose cli   'update',
1 verbose cli   '-g' ]
2 info using npm@1.2.18
3 info using node@v0.10.4
4 verbose read json /usr/local/share/npm/lib/package.json
5 verbose read json /usr/local/share/npm/lib/node_modules/alloy/package.json
6 verbose read json /usr/local/share/npm/lib/node_modules/titanium/package.json
7 verbose cache add [ 'alloy', '*' ]
8 verbose cache add name="alloy" spec="*" args=["alloy","*"]
9 verbose parsed url { protocol: null,
9 verbose parsed url   slashes: null,
9 verbose parsed url   auth: null,
9 verbose parsed url   host: null,
9 verbose parsed url   port: null,
9 verbose parsed url   hostname: null,
9 verbose parsed url   hash: null,
9 verbose parsed url   search: null,
9 verbose parsed url   query: null,
9 verbose parsed url   pathname: '*',
9 verbose parsed url   path: '*',
9 verbose parsed url   href: '*' }
10 verbose addNamed [ 'alloy', '*' ]
11 verbose addNamed [ null, '' ]
12 verbose cache add [ 'titanium', '*' ]
13 verbose cache add name="titanium" spec="*" args=["titanium","*"]
14 verbose parsed url { protocol: null,
14 verbose parsed url   slashes: null,
14 verbose parsed url   auth: null,
14 verbose parsed url   host: null,
14 verbose parsed url   port: null,
14 verbose parsed url   hostname: null,
14 verbose parsed url   hash: null,
14 verbose parsed url   search: null,
14 verbose parsed url   query: null,
14 verbose parsed url   pathname: '*',
14 verbose parsed url   path: '*',
14 verbose parsed url   href: '*' }
15 verbose addNamed [ 'titanium', '*' ]
16 verbose addNamed [ null, '' ]
17 silly lockFile b2635ad0-alloy alloy@*
18 verbose lock alloy@* /Users/Alex/.npm/b2635ad0-alloy.lock
19 silly lockFile a7f90c4a-titanium titanium@*
20 verbose lock titanium@* /Users/Alex/.npm/a7f90c4a-titanium.lock
21 silly addNameRange { name: 'alloy', range: '', hasData: false }
22 silly addNameRange { name: 'titanium', range: '', hasData: false }
23 verbose url raw titanium
24 verbose url resolving [ 'https://registry.npmjs.org/', './titanium' ]
25 verbose url resolved https://registry.npmjs.org/titanium
26 info trying registry request attempt 1 at 21:43:57
27 verbose etag "AG92UQDKKRG4DHN83X0V6TBM1"
28 http GET https://registry.npmjs.org/titanium
29 verbose url raw alloy
30 verbose url resolving [ 'https://registry.npmjs.org/', './alloy' ]
31 verbose url resolved https://registry.npmjs.org/alloy
32 info trying registry request attempt 1 at 21:43:57
33 verbose etag "CXRCINSH76CKOTIIAEQXTMJA3"
34 http GET https://registry.npmjs.org/alloy
35 http 304 https://registry.npmjs.org/titanium
36 silly registry.get cb [ 304,
36 silly registry.get   { server: 'CouchDB/1.3.0 (Erlang OTP/R15B03)',
36 silly registry.get     etag: '"AG92UQDKKRG4DHN83X0V6TBM1"',
36 silly registry.get     date: 'Sun, 21 Apr 2013 20:43:59 GMT',
36 silly registry.get     'content-length': '0' } ]
37 verbose etag titanium from cache
38 http 304 https://registry.npmjs.org/alloy
39 silly registry.get cb [ 304,
39 silly registry.get   { server: 'CouchDB/1.3.0 (Erlang OTP/R15B03)',
39 silly registry.get     etag: '"CXRCINSH76CKOTIIAEQXTMJA3"',
39 silly registry.get     date: 'Sun, 21 Apr 2013 20:43:59 GMT',
39 silly registry.get     'content-length': '0' } ]
40 verbose etag alloy from cache
41 silly addNameRange number 2 { name: 'titanium', range: '', hasData: true }
42 silly addNameRange versions [ 'titanium',
42 silly addNameRange   [ '0.0.1',
42 silly addNameRange     '0.0.2',
42 silly addNameRange     '0.0.3',
42 silly addNameRange     '0.0.4',
42 silly addNameRange     '0.0.6',
42 silly addNameRange     '0.0.8',
42 silly addNameRange     '0.0.9',
42 silly addNameRange     '0.0.10',
42 silly addNameRange     '0.0.11',
42 silly addNameRange     '0.0.13',
42 silly addNameRange     '0.0.14',
42 silly addNameRange     '0.0.15',
42 silly addNameRange     '0.0.16',
42 silly addNameRange     '0.0.17',
42 silly addNameRange     '0.0.18',
42 silly addNameRange     '0.0.19',
42 silly addNameRange     '0.0.20',
42 silly addNameRange     '0.0.21',
42 silly addNameRange     '0.0.22',
42 silly addNameRange     '0.0.23',
42 silly addNameRange     '0.0.25',
42 silly addNameRange     '0.0.26',
42 silly addNameRange     '3.0.0',
42 silly addNameRange     '3.0.1',
42 silly addNameRange     '3.0.2',
42 silly addNameRange     '3.0.3',
42 silly addNameRange     '3.0.4',
42 silly addNameRange     '3.0.5',
42 silly addNameRange     '3.0.6',
42 silly addNameRange     '3.0.7',
42 silly addNameRange     '3.0.8',
42 silly addNameRange     '3.0.9',
42 silly addNameRange     '3.0.10',
42 silly addNameRange     '3.0.11',
42 silly addNameRange     '3.0.12',
42 silly addNameRange     '3.0.13',
42 silly addNameRange     '3.0.14',
42 silly addNameRange     '3.0.15',
42 silly addNameRange     '3.0.16',
42 silly addNameRange     '3.0.17',
42 silly addNameRange     '3.0.18',
42 silly addNameRange     '3.0.19',
42 silly addNameRange     '3.0.20',
42 silly addNameRange     '3.0.21',
42 silly addNameRange     '3.0.22',
42 silly addNameRange     '3.0.23',
42 silly addNameRange     '3.0.24-cr',
42 silly addNameRange     '3.0.24',
42 silly addNameRange     '3.0.25-alpha',
42 silly addNameRange     '3.1.0-beta',
42 silly addNameRange     '3.1.0-cr',
42 silly addNameRange     '3.1.0' ] ]
43 verbose addNamed [ 'titanium', '3.1.0' ]
44 verbose addNamed [ '3.1.0', '3.1.0' ]
45 silly lockFile 36170757-titanium-3-1-0 titanium@3.1.0
46 verbose lock titanium@3.1.0 /Users/Alex/.npm/36170757-titanium-3-1-0.lock
47 silly addNameRange number 2 { name: 'alloy', range: '', hasData: true }
48 silly addNameRange versions [ 'alloy',
48 silly addNameRange   [ '0.1.0',
48 silly addNameRange     '0.1.1',
48 silly addNameRange     '0.1.2',
48 silly addNameRange     '0.1.3',
48 silly addNameRange     '0.1.4',
48 silly addNameRange     '0.1.5',
48 silly addNameRange     '0.1.6',
48 silly addNameRange     '0.1.7',
48 silly addNameRange     '0.1.8',
48 silly addNameRange     '0.1.10',
48 silly addNameRange     '0.1.11',
48 silly addNameRange     '0.1.12',
48 silly addNameRange     '0.1.13',
48 silly addNameRange     '0.1.14',
48 silly addNameRange     '0.1.15',
48 silly addNameRange     '0.1.16',
48 silly addNameRange     '0.1.17',
48 silly addNameRange     '0.1.19',
48 silly addNameRange     '0.1.20',
48 silly addNameRange     '0.1.21',
48 silly addNameRange     '0.1.22',
48 silly addNameRange     '0.1.23',
48 silly addNameRange     '0.1.24',
48 silly addNameRange     '0.1.25',
48 silly addNameRange     '0.1.26',
48 silly addNameRange     '0.1.27',
48 silly addNameRange     '0.1.28',
48 silly addNameRange     '0.1.29',
48 silly addNameRange     '0.2.0',
48 silly addNameRange     '0.2.2',
48 silly addNameRange     '0.2.3',
48 silly addNameRange     '0.2.4',
48 silly addNameRange     '0.2.5',
48 silly addNameRange     '0.2.6',
48 silly addNameRange     '0.2.7',
48 silly addNameRange     '0.2.8',
48 silly addNameRange     '0.2.9',
48 silly addNameRange     '0.2.10',
48 silly addNameRange     '0.2.11',
48 silly addNameRange     '0.2.12',
48 silly addNameRange     '0.2.13',
48 silly addNameRange     '0.2.14',
48 silly addNameRange     '0.2.15',
48 silly addNameRange     '0.2.16',
48 silly addNameRange     '0.2.17',
48 silly addNameRange     '0.2.18',
48 silly addNameRange     '0.2.19',
48 silly addNameRange     '0.2.20',
48 silly addNameRange     '0.2.21',
48 silly addNameRange     '0.2.22',
48 silly addNameRange     '0.2.23',
48 silly addNameRange     '0.2.24',
48 silly addNameRange     '0.2.25',
48 silly addNameRange     '0.2.26',
48 silly addNameRange     '0.2.27',
48 silly addNameRange     '0.2.28',
48 silly addNameRange     '0.2.29',
48 silly addNameRange     '0.2.30',
48 silly addNameRange     '0.2.31',
48 silly addNameRange     '0.2.32',
48 silly addNameRange     '0.2.33',
48 silly addNameRange     '0.2.34',
48 silly addNameRange     '0.2.35',
48 silly addNameRange     '0.2.35-1',
48 silly addNameRange     '0.2.35-2',
48 silly addNameRange     '0.2.36',
48 silly addNameRange     '0.2.37',
48 silly addNameRange     '0.2.37-1',
48 silly addNameRange     '0.2.38',
48 silly addNameRange     '0.2.39',
48 silly addNameRange     '0.2.39-1',
48 silly addNameRange     '0.2.40',
48 silly addNameRange     '0.2.41',
48 silly addNameRange     '0.2.42',
48 silly addNameRange     '0.3.0',
48 silly addNameRange     '0.3.1',
48 silly addNameRange     '0.3.2',
48 silly addNameRange     '0.3.3',
48 silly addNameRange     '0.3.4',
48 silly addNameRange     '0.3.5',
48 silly addNameRange     '0.3.6',
48 silly addNameRange     '1.0.0-cr',
48 silly addNameRange     '1.0.0',
48 silly addNameRange     '1.1.0-alpha',
48 silly addNameRange     '1.1.0-beta',
48 silly addNameRange     '1.1.0-cr',
48 silly addNameRange     '1.1.0',
48 silly addNameRange     '1.1.1-alpha',
48 silly addNameRange     '1.1.1-cr',
48 silly addNameRange     '1.1.1' ] ]
49 verbose addNamed [ 'alloy', '1.1.1' ]
50 verbose addNamed [ '1.1.1', '1.1.1' ]
51 silly lockFile cefe49b2-alloy-1-1-1 alloy@1.1.1
52 verbose lock alloy@1.1.1 /Users/Alex/.npm/cefe49b2-alloy-1-1-1.lock
53 verbose read json /Users/Alex/.npm/titanium/3.1.0/package/package.json
54 verbose read json /Users/Alex/.npm/alloy/1.1.1/package/package.json
55 silly lockFile 36170757-titanium-3-1-0 titanium@3.1.0
56 silly lockFile 36170757-titanium-3-1-0 titanium@3.1.0
57 silly lockFile a7f90c4a-titanium titanium@*
58 silly lockFile a7f90c4a-titanium titanium@*
59 silly lockFile cefe49b2-alloy-1-1-1 alloy@1.1.1
60 silly lockFile cefe49b2-alloy-1-1-1 alloy@1.1.1
61 silly lockFile b2635ad0-alloy alloy@*
62 silly lockFile b2635ad0-alloy alloy@*
63 info outdated updating [ [ '/usr/local/share/npm/lib', 'titanium', '3.0.23', '3.1.0' ],
63 info outdated   [ '/usr/local/share/npm/lib', 'alloy', '0.3.6', '1.1.1' ] ]
64 verbose install where,what [ '/usr/local/share/npm/lib', [ 'titanium@3.1.0' ] ]
65 verbose install where,what [ '/usr/local/share/npm/lib', [ 'alloy@1.1.1' ] ]
66 verbose read json /usr/local/share/npm/lib/package.json
67 verbose read json /usr/local/share/npm/lib/package.json
68 verbose read json /usr/local/share/npm/lib/package.json
69 verbose read json /usr/local/share/npm/lib/package.json
70 verbose cache add [ 'titanium@3.1.0', null ]
71 verbose cache add name=undefined spec="titanium@3.1.0" args=["titanium@3.1.0",null]
72 verbose parsed url { protocol: null,
72 verbose parsed url   slashes: null,
72 verbose parsed url   auth: null,
72 verbose parsed url   host: null,
72 verbose parsed url   port: null,
72 verbose parsed url   hostname: null,
72 verbose parsed url   hash: null,
72 verbose parsed url   search: null,
72 verbose parsed url   query: null,
72 verbose parsed url   pathname: 'titanium@3.1.0',
72 verbose parsed url   path: 'titanium@3.1.0',
72 verbose parsed url   href: 'titanium@3.1.0' }
73 verbose cache add name="titanium" spec="3.1.0" args=["titanium","3.1.0"]
74 verbose parsed url { protocol: null,
74 verbose parsed url   slashes: null,
74 verbose parsed url   auth: null,
74 verbose parsed url   host: null,
74 verbose parsed url   port: null,
74 verbose parsed url   hostname: null,
74 verbose parsed url   hash: null,
74 verbose parsed url   search: null,
74 verbose parsed url   query: null,
74 verbose parsed url   pathname: '3.1.0',
74 verbose parsed url   path: '3.1.0',
74 verbose parsed url   href: '3.1.0' }
75 verbose addNamed [ 'titanium', '3.1.0' ]
76 verbose addNamed [ '3.1.0', '3.1.0' ]
77 silly lockFile 36170757-titanium-3-1-0 titanium@3.1.0
78 verbose lock titanium@3.1.0 /Users/Alex/.npm/36170757-titanium-3-1-0.lock
79 verbose cache add [ 'alloy@1.1.1', null ]
80 verbose cache add name=undefined spec="alloy@1.1.1" args=["alloy@1.1.1",null]
81 verbose parsed url { protocol: null,
81 verbose parsed url   slashes: null,
81 verbose parsed url   auth: null,
81 verbose parsed url   host: null,
81 verbose parsed url   port: null,
81 verbose parsed url   hostname: null,
81 verbose parsed url   hash: null,
81 verbose parsed url   search: null,
81 verbose parsed url   query: null,
81 verbose parsed url   pathname: 'alloy@1.1.1',
81 verbose parsed url   path: 'alloy@1.1.1',
81 verbose parsed url   href: 'alloy@1.1.1' }
82 verbose cache add name="alloy" spec="1.1.1" args=["alloy","1.1.1"]
83 verbose parsed url { protocol: null,
83 verbose parsed url   slashes: null,
83 verbose parsed url   auth: null,
83 verbose parsed url   host: null,
83 verbose parsed url   port: null,
83 verbose parsed url   hostname: null,
83 verbose parsed url   hash: null,
83 verbose parsed url   search: null,
83 verbose parsed url   query: null,
83 verbose parsed url   pathname: '1.1.1',
83 verbose parsed url   path: '1.1.1',
83 verbose parsed url   href: '1.1.1' }
84 verbose addNamed [ 'alloy', '1.1.1' ]
85 verbose addNamed [ '1.1.1', '1.1.1' ]
86 silly lockFile cefe49b2-alloy-1-1-1 alloy@1.1.1
87 verbose lock alloy@1.1.1 /Users/Alex/.npm/cefe49b2-alloy-1-1-1.lock
88 verbose url raw titanium/3.1.0
89 verbose url resolving [ 'https://registry.npmjs.org/', './titanium/3.1.0' ]
90 verbose url resolved https://registry.npmjs.org/titanium/3.1.0
91 info trying registry request attempt 1 at 21:43:59
92 verbose etag "AG92UQDKKRG4DHN83X0V6TBM1"
93 http GET https://registry.npmjs.org/titanium/3.1.0
94 verbose url raw alloy/1.1.1
95 verbose url resolving [ 'https://registry.npmjs.org/', './alloy/1.1.1' ]
96 verbose url resolved https://registry.npmjs.org/alloy/1.1.1
97 info trying registry request attempt 1 at 21:43:59
98 verbose etag "CXRCINSH76CKOTIIAEQXTMJA3"
99 http GET https://registry.npmjs.org/alloy/1.1.1
100 http 304 https://registry.npmjs.org/titanium/3.1.0
101 silly registry.get cb [ 304,
101 silly registry.get   { server: 'CouchDB/1.3.0 (Erlang OTP/R15B03)',
101 silly registry.get     etag: '"AG92UQDKKRG4DHN83X0V6TBM1"',
101 silly registry.get     date: 'Sun, 21 Apr 2013 20:44:00 GMT',
101 silly registry.get     'content-length': '0' } ]
102 verbose etag titanium/3.1.0 from cache
103 verbose from cache /Users/Alex/.npm/titanium/3.1.0/package/package.json
104 silly lockFile 36170757-titanium-3-1-0 titanium@3.1.0
105 silly lockFile 36170757-titanium-3-1-0 titanium@3.1.0
106 silly resolved [ { about:
106 silly resolved      { name: 'Titanium Command-Line Interface',
106 silly resolved        author: 'Appcelerator',
106 silly resolved        copyright: 'Copyright (c) 2012-2013, Appcelerator, Inc.  All Rights Reserved.',
106 silly resolved        id: 'com.appcelerator.titanium.cli' },
106 silly resolved     name: 'titanium',
106 silly resolved     description: 'Appcelerator Titanium Command line',
106 silly resolved     keywords:
106 silly resolved      [ 'appcelerator',
106 silly resolved        'titanium',
106 silly resolved        'mobile',
106 silly resolved        'ios',
106 silly resolved        'iphone',
106 silly resolved        'android',
106 silly resolved        'blackberry',
106 silly resolved        'html5',
106 silly resolved        'mobileweb',
106 silly resolved        'mobile web' ],
106 silly resolved     version: '3.1.0',
106 silly resolved     author: { name: 'Appcelerator, Inc.', email: 'info@appcelerator.com' },
106 silly resolved     maintainers: [ [Object], [Object] ],
106 silly resolved     repository:
106 silly resolved      { type: 'git',
106 silly resolved        url: 'git://github.com/appcelerator/titanium.git' },
106 silly resolved     preferGlobal: true,
106 silly resolved     dependencies:
106 silly resolved      { async: '0.1.x',
106 silly resolved        colors: '0.6.x',
106 silly resolved        longjohn: '>=0.0.3',
106 silly resolved        'node-appc': '0.1.29',
106 silly resolved        prompt: '0.2.x',
106 silly resolved        request: '2.9.x',
106 silly resolved        revalidator: '0.1.x',
106 silly resolved        semver: '>=1.0.14',
106 silly resolved        sprintf: '>=0.1.1',
106 silly resolved        temp: '0.4.0',
106 silly resolved        winston: '0.6.x',
106 silly resolved        wrench: '1.3.x' },
106 silly resolved     license: 'Apache Public License v2',
106 silly resolved     bin: { ti: './bin/titanium', titanium: './bin/titanium' },
106 silly resolved     main: './lib/titanium',
106 silly resolved     directories: { lib: './lib' },
106 silly resolved     engines: { node: '>=0.8' },
106 silly resolved     readme: '## Overview\n\n[Titanium](https://github.com/appcelerator/titanium) is a [Command Line Tool (CLI)](http://en.wikipedia.org/wiki/Command-line_interface)\nfor managing and deploying Titanium Mobile applications and modules. It\'s open-source and easy to use. [We\'ve](https://github.com/appcelerator)\ndesigned Titanium to be suitable for command line beginners, but still be powerful and extensible enough for production usage.\n\n## Installation\n\n    [sudo] npm install titanium -g\n\nAfter npm download and installs the Titanium CLI, then you need to download the latest unstable Titanium Mobile SDK:\n\n    titanium sdk install --branch 3_0_X --default\n\n## Bleeding Edge\n\nYou can download the latest and greatest *unstable* code by running the following:\n\n    [sudo] npm install git://github.com/appcelerator/titanium.git -g\n\n## Usage\n\n    titanium <command> [options]\n\n## Built-in Commands\n\n### config\n\nConfigure your CLI settings.\n\n**Implementation not complete**\n\n    titanium config <setting> <value>\n\n### help\n\nDisplays help or help for a specific command.\n\n    titanium\n\n    titanium help\n\n    titanium --help\n\n    titanium help <command>\n\n    titanium <command> --help\n\n### login\n\nLogs into the Appcelerator Network\n\n**Implementation not complete**\n\nLogin requires both user and password options to be passed in.\n\n    titanium login <username> <password>\n\nIf you omit an option, the CLI will prompt you for the value.\n\n    titanium login\n\n### logout\n\nLogs out of the Appcelerator Network\n\n**Implementation not complete**\n\n    titanium logout\n\n### sdk\n\nDownload and install Titanium SDKs\n\n#### sdk install\n\nInstalls a specific version of the Titanium SDK. If no version is specified, it assumes the latest.\n\n    titanium sdk install\n\n    titanium sdk install <version>\n\n    titanium sdk install <version> --force\n\nDownload, install <version>, and set as default SDK.\n\n    titanium sdk install <version> --default\n\nDownload and install the latest version for the specified branch\n\n    titanium sdk install --branch master\n\n#### sdk uninstall\n\nUninstalls a Titanium SDK.\n\n    titanium sdk uninstall <version>\n\n#### sdk list\n\nLists all installed Titanium SDKs. Optionally lists all branches and releases.\n\n    titanium sdk list\n\n    titanium sdk list -b\n    titanium sdk list --branches\n\n    titanium sdk list -r\n    titanium sdk list --releases\n\n    titanium sdk list -br\n    titanium sdk list --branches --releases\n\n#### sdk update\n\nChecks if there is a new version of the Titanium SDK available.\n\n    titanium sdk update\n\nDownload and install the latest version.\n\n    titanium sdk update --force\n\nDownload and install the latest version for the specified branch if not already installed.\n\n    titanium sdk update --branch master\n\n### status\n\nChecks authentication, SDK, and project status.\n\n**Implementation not complete**\n\n    titanium status\n\n    titanium status --dir /path/to/project\n\n### version\n\nDisplays the current version of the CLI and exits.\n\n    titanium version\n    titanium --version\n\n## Looking for the old CLI?\n\nDon\'t worry, it\'s still around. You can install it by running:\n\n    sudo npm install –g titanium@0.0.26\n\n## License\n\nThis project is open source and provided under the Apache Public License (version 2). Please make sure you see the `LICENSE` file\nincluded in this distribution for more details on the license.  Also, please take notice of the privacy notice at the end of the file.\n\n#### (C) Copyright 2012-2013, [Appcelerator](http://www.appcelerator.com/) Inc. All Rights Reserved.\n',
106 silly resolved     readmeFilename: 'README.md',
106 silly resolved     _id: 'titanium@3.1.0',
106 silly resolved     _from: 'titanium@3.1.0' } ]
107 info install titanium@3.1.0 into /usr/local/share/npm/lib
108 info installOne titanium@3.1.0
109 verbose from cache /Users/Alex/.npm/titanium/3.1.0/package/package.json
110 info /usr/local/share/npm/lib/node_modules/titanium unbuild
111 verbose from cache /usr/local/share/npm/lib/node_modules/titanium/package.json
112 info preuninstall titanium@3.0.23
113 info uninstall titanium@3.0.23
114 verbose true,/usr/local/share/npm/lib/node_modules,/usr/local/share/npm/lib/node_modules unbuild titanium@3.0.23
115 verbose /usr/local/share/npm/bin,[object Object] binRoot
116 info /usr/local/share/npm/lib/node_modules/titanium unbuild
117 verbose read json /usr/local/share/npm/lib/node_modules/titanium/package.json
118 info preuninstall titanium@3.0.23
119 info uninstall titanium@3.0.23
120 verbose true,/usr/local/share/npm/lib/node_modules,/usr/local/share/npm/lib/node_modules unbuild titanium@3.0.23
121 verbose /usr/local/share/npm/bin,[object Object] binRoot
122 error error rolling back Error: EACCES, unlink '/usr/local/share/npm/bin/ti'
122 error error rolling back  titanium@3.1.0 { [Error: EACCES, unlink '/usr/local/share/npm/bin/ti'] errno: 3, code: 'EACCES', path: '/usr/local/share/npm/bin/ti' }
123 error Error: EACCES, unlink '/usr/local/share/npm/bin/ti'
123 error  { [Error: EACCES, unlink '/usr/local/share/npm/bin/ti'] errno: 3, code: 'EACCES', path: '/usr/local/share/npm/bin/ti' }
124 error Please try running this command again as root/Administrator.
125 error System Darwin 12.3.0
126 error command "/usr/local/Cellar/node/0.10.4/bin/node" "/usr/local/bin/npm" "update" "-g"
127 error cwd /Users/Alex/Development/Projects/StartupGood
128 error node -v v0.10.4
129 error npm -v 1.2.18
130 error path /usr/local/share/npm/bin/ti
131 error code EACCES
132 error errno 3
133 error stack Error: EACCES, unlink '/usr/local/share/npm/bin/ti'
134 verbose exit [ 3, true ]
